# JRE version: OpenJDK Runtime Environment (8.0_242) (build 1.8.0_242-release-1644-b3-6222593)
# Java VM: OpenJDK 64-Bit Server VM (25.242-b3-6222593 mixed mode bsd-amd64 compressed oops)
Heap:
 PSYoungGen      total 196608K, used 24941K [0x0000000795580000, 0x00000007a4f80000, 0x00000007c0000000)
  eden space 155648K, 0% used [0x0000000795580000,0x0000000795580000,0x000000079ed80000)
  from space 40960K, 60% used [0x00000007a1600000,0x00000007a2e5b560,0x00000007a3e00000)
  to   space 41472K, 0% used [0x000000079ed80000,0x000000079ed80000,0x00000007a1600000)
 ParOldGen       total 145408K, used 60513K [0x0000000740000000, 0x0000000748e00000, 0x0000000795580000)
  object space 145408K, 41% used [0x0000000740000000,0x0000000743b185f8,0x0000000748e00000)
 Metaspace       used 93503K, capacity 98253K, committed 98380K, reserved 1134592K
  class space    used 12421K, capacity 13361K, committed 13428K, reserved 1048576K
GC Heap History (10 events):
Event: 129.815 GC heap after
Heap after GC invocations=21 (full 3):
 PSYoungGen      total 141824K, used 18915K [0x0000000795580000, 0x00000007a0100000, 0x00000007c0000000)
  eden space 122880K, 0% used [0x0000000795580000,0x0000000795580000,0x000000079cd80000)
  from space 18944K, 99% used [0x000000079e380000,0x000000079f5f8d50,0x000000079f600000)
  to   space 22528K, 0% used [0x000000079cd80000,0x000000079cd80000,0x000000079e380000)
 ParOldGen       total 145408K, used 35174K [0x0000000740000000, 0x0000000748e00000, 0x0000000795580000)
  object space 145408K, 24% used [0x0000000740000000,0x0000000742259bf0,0x0000000748e00000)
 Metaspace       used 73006K, capacity 76107K, committed 76376K, reserved 1116160K
  class space    used 10005K, capacity 10617K, committed 10624K, reserved 1048576K
}
Event: 148.373 GC heap before
{Heap before GC invocations=22 (full 3):
 PSYoungGen      total 141824K, used 141795K [0x0000000795580000, 0x00000007a0100000, 0x00000007c0000000)
  eden space 122880K, 100% used [0x0000000795580000,0x000000079cd80000,0x000000079cd80000)
  from space 18944K, 99% used [0x000000079e380000,0x000000079f5f8d50,0x000000079f600000)
  to   space 22528K, 0% used [0x000000079cd80000,0x000000079cd80000,0x000000079e380000)
 ParOldGen       total 145408K, used 35174K [0x0000000740000000, 0x0000000748e00000, 0x0000000795580000)
  object space 145408K, 24% used [0x0000000740000000,0x0000000742259bf0,0x0000000748e00000)
 Metaspace       used 77948K, capacity 81677K, committed 81752K, reserved 1120256K
  class space    used 10606K, capacity 11335K, committed 11392K, reserved 1048576K
Event: 148.552 GC heap after
Heap after GC invocations=22 (full 3):
 PSYoungGen      total 145408K, used 22518K [0x0000000795580000, 0x00000007a0e80000, 0x00000007c0000000)
  eden space 122880K, 0% used [0x0000000795580000,0x0000000795580000,0x000000079cd80000)
  from space 22528K, 99% used [0x000000079cd80000,0x000000079e37d9f0,0x000000079e380000)
  to   space 25600K, 0% used [0x000000079f580000,0x000000079f580000,0x00000007a0e80000)
 ParOldGen       total 145408K, used 35182K [0x0000000740000000, 0x0000000748e00000, 0x0000000795580000)
  object space 145408K, 24% used [0x0000000740000000,0x000000074225bbf0,0x0000000748e00000)
 Metaspace       used 77948K, capacity 81677K, committed 81752K, reserved 1120256K
  class space    used 10606K, capacity 11335K, committed 11392K, reserved 1048576K
}
Event: 326.364 GC heap before
{Heap before GC invocations=23 (full 3):
 PSYoungGen      total 145408K, used 145398K [0x0000000795580000, 0x00000007a0e80000, 0x00000007c0000000)
  eden space 122880K, 100% used [0x0000000795580000,0x000000079cd80000,0x000000079cd80000)
  from space 22528K, 99% used [0x000000079cd80000,0x000000079e37d9f0,0x000000079e380000)
  to   space 25600K, 0% used [0x000000079f580000,0x000000079f580000,0x00000007a0e80000)
 ParOldGen       total 145408K, used 35182K [0x0000000740000000, 0x0000000748e00000, 0x0000000795580000)
  object space 145408K, 24% used [0x0000000740000000,0x000000074225bbf0,0x0000000748e00000)
 Metaspace       used 82403K, capacity 86427K, committed 86616K, reserved 1124352K
  class space    used 10992K, capacity 11782K, committed 11904K, reserved 1048576K
Event: 326.523 GC heap after
Heap after GC invocations=23 (full 3):
 PSYoungGen      total 156672K, used 25576K [0x0000000795580000, 0x00000007a1a00000, 0x00000007c0000000)
  eden space 131072K, 0% used [0x0000000795580000,0x0000000795580000,0x000000079d580000)
  from space 25600K, 99% used [0x000000079f580000,0x00000007a0e7a018,0x00000007a0e80000)
  to   space 32768K, 0% used [0x000000079d580000,0x000000079d580000,0x000000079f580000)
 ParOldGen       total 145408K, used 43852K [0x0000000740000000, 0x0000000748e00000, 0x0000000795580000)
  object space 145408K, 30% used [0x0000000740000000,0x0000000742ad3080,0x0000000748e00000)
 Metaspace       used 82403K, capacity 86427K, committed 86616K, reserved 1124352K
  class space    used 10992K, capacity 11782K, committed 11904K, reserved 1048576K
}
Event: 328.521 GC heap before
{Heap before GC invocations=24 (full 3):
 PSYoungGen      total 156672K, used 156648K [0x0000000795580000, 0x00000007a1a00000, 0x00000007c0000000)
  eden space 131072K, 100% used [0x0000000795580000,0x000000079d580000,0x000000079d580000)
  from space 25600K, 99% used [0x000000079f580000,0x00000007a0e7a018,0x00000007a0e80000)
  to   space 32768K, 0% used [0x000000079d580000,0x000000079d580000,0x000000079f580000)
 ParOldGen       total 145408K, used 43852K [0x0000000740000000, 0x0000000748e00000, 0x0000000795580000)
  object space 145408K, 30% used [0x0000000740000000,0x0000000742ad3080,0x0000000748e00000)
 Metaspace       used 91273K, capacity 95833K, committed 95960K, reserved 1132544K
  class space    used 12135K, capacity 13001K, committed 13056K, reserved 1048576K
Event: 328.618 GC heap after
Heap after GC invocations=24 (full 3):
 PSYoungGen      total 163840K, used 32764K [0x0000000795580000, 0x00000007a3e00000, 0x00000007c0000000)
  eden space 131072K, 0% used [0x0000000795580000,0x0000000795580000,0x000000079d580000)
  from space 32768K, 99% used [0x000000079d580000,0x000000079f57f290,0x000000079f580000)
  to   space 40960K, 0% used [0x00000007a1600000,0x00000007a1600000,0x00000007a3e00000)
 ParOldGen       total 145408K, used 52982K [0x0000000740000000, 0x0000000748e00000, 0x0000000795580000)
  object space 145408K, 36% used [0x0000000740000000,0x00000007433bd880,0x0000000748e00000)
 Metaspace       used 91273K, capacity 95833K, committed 95960K, reserved 1132544K
  class space    used 12135K, capacity 13001K, committed 13056K, reserved 1048576K
}
Event: 328.859 GC heap before
{Heap before GC invocations=25 (full 3):
 PSYoungGen      total 163840K, used 46288K [0x0000000795580000, 0x00000007a3e00000, 0x00000007c0000000)
  eden space 131072K, 10% used [0x0000000795580000,0x00000007962b4e18,0x000000079d580000)
  from space 32768K, 99% used [0x000000079d580000,0x000000079f57f290,0x000000079f580000)
  to   space 40960K, 0% used [0x00000007a1600000,0x00000007a1600000,0x00000007a3e00000)
 ParOldGen       total 145408K, used 52982K [0x0000000740000000, 0x0000000748e00000, 0x0000000795580000)
  object space 145408K, 36% used [0x0000000740000000,0x00000007433bd880,0x0000000748e00000)
 Metaspace       used 93503K, capacity 98253K, committed 98380K, reserved 1134592K
  class space    used 12421K, capacity 13361K, committed 13428K, reserved 1048576K
Event: 328.931 GC heap after
Heap after GC invocations=25 (full 3):
 PSYoungGen      total 196608K, used 24941K [0x0000000795580000, 0x00000007a4f80000, 0x00000007c0000000)
  eden space 155648K, 0% used [0x0000000795580000,0x0000000795580000,0x000000079ed80000)
  from space 40960K, 60% used [0x00000007a1600000,0x00000007a2e5b560,0x00000007a3e00000)
  to   space 41472K, 0% used [0x000000079ed80000,0x000000079ed80000,0x00000007a1600000)
 ParOldGen       total 145408K, used 60513K [0x0000000740000000, 0x0000000748e00000, 0x0000000795580000)
  object space 145408K, 41% used [0x0000000740000000,0x0000000743b185f8,0x0000000748e00000)
 Metaspace       used 93503K, capacity 98253K, committed 98380K, reserved 1134592K
  class space    used 12421K, capacity 13361K, committed 13428K, reserved 1048576K
}
Event: 328.931 GC heap before
{Heap before GC invocations=26 (full 4):
 PSYoungGen      total 196608K, used 24941K [0x0000000795580000, 0x00000007a4f80000, 0x00000007c0000000)
  eden space 155648K, 0% used [0x0000000795580000,0x0000000795580000,0x000000079ed80000)
  from space 40960K, 60% used [0x00000007a1600000,0x00000007a2e5b560,0x00000007a3e00000)
  to   space 41472K, 0% used [0x000000079ed80000,0x000000079ed80000,0x00000007a1600000)
 ParOldGen       total 145408K, used 60513K [0x0000000740000000, 0x0000000748e00000, 0x0000000795580000)
  object space 145408K, 41% used [0x0000000740000000,0x0000000743b185f8,0x0000000748e00000)
 Metaspace       used 93503K, capacity 98253K, committed 98380K, reserved 1134592K
  class space    used 12421K, capacity 13361K, committed 13428K, reserved 1048576K

