# JRE version: OpenJDK Runtime Environment (8.0_242) (build 1.8.0_242-release-1644-b3-6222593)
# Java VM: OpenJDK 64-Bit Server VM (25.242-b3-6222593 mixed mode bsd-amd64 compressed oops)
Heap:
 PSYoungGen      total 71680K, used 66560K [0x00000007a0000000, 0x00000007a9a00000, 0x00000007c0000000)
  eden space 66560K, 100% used [0x00000007a0000000,0x00000007a4100000,0x00000007a4100000)
  from space 5120K, 0% used [0x00000007a4100000,0x00000007a4100000,0x00000007a4600000)
  to   space 12288K, 29% used [0x00000007a8e00000,0x00000007a9180000,0x00000007a9a00000)
 ParOldGen       total 66048K, used 11363K [0x0000000760000000, 0x0000000764080000, 0x00000007a0000000)
  object space 66048K, 17% used [0x0000000760000000,0x0000000760b18d38,0x0000000764080000)
 Metaspace       used 28916K, capacity 29504K, committed 29824K, reserved 1075200K
  class space    used 3912K, capacity 4107K, committed 4224K, reserved 1048576K
GC Heap History (10 events):
Event: 1.318 GC heap after
Heap after GC invocations=2 (full 0):
 PSYoungGen      total 38400K, used 4305K [0x00000007a0000000, 0x00000007a4b00000, 0x00000007c0000000)
  eden space 33280K, 0% used [0x00000007a0000000,0x00000007a0000000,0x00000007a2080000)
  from space 5120K, 84% used [0x00000007a2580000,0x00000007a29b4500,0x00000007a2a80000)
  to   space 5120K, 0% used [0x00000007a2080000,0x00000007a2080000,0x00000007a2580000)
 ParOldGen       total 87552K, used 16K [0x0000000760000000, 0x0000000765580000, 0x00000007a0000000)
  object space 87552K, 0% used [0x0000000760000000,0x0000000760004000,0x0000000765580000)
 Metaspace       used 8431K, capacity 8690K, committed 8832K, reserved 1056768K
  class space    used 1063K, capacity 1113K, committed 1152K, reserved 1048576K
}
Event: 1.970 GC heap before
{Heap before GC invocations=3 (full 0):
 PSYoungGen      total 38400K, used 37585K [0x00000007a0000000, 0x00000007a4b00000, 0x00000007c0000000)
  eden space 33280K, 100% used [0x00000007a0000000,0x00000007a2080000,0x00000007a2080000)
  from space 5120K, 84% used [0x00000007a2580000,0x00000007a29b4500,0x00000007a2a80000)
  to   space 5120K, 0% used [0x00000007a2080000,0x00000007a2080000,0x00000007a2580000)
 ParOldGen       total 87552K, used 16K [0x0000000760000000, 0x0000000765580000, 0x00000007a0000000)
  object space 87552K, 0% used [0x0000000760000000,0x0000000760004000,0x0000000765580000)
 Metaspace       used 12727K, capacity 13180K, committed 13440K, reserved 1060864K
  class space    used 1749K, capacity 1902K, committed 1920K, reserved 1048576K
Event: 1.980 GC heap after
Heap after GC invocations=3 (full 0):
 PSYoungGen      total 38400K, used 5088K [0x00000007a0000000, 0x00000007a4b00000, 0x00000007c0000000)
  eden space 33280K, 0% used [0x00000007a0000000,0x00000007a0000000,0x00000007a2080000)
  from space 5120K, 99% used [0x00000007a2080000,0x00000007a2578068,0x00000007a2580000)
  to   space 5120K, 0% used [0x00000007a4600000,0x00000007a4600000,0x00000007a4b00000)
 ParOldGen       total 87552K, used 1594K [0x0000000760000000, 0x0000000765580000, 0x00000007a0000000)
  object space 87552K, 1% used [0x0000000760000000,0x000000076018e9a8,0x0000000765580000)
 Metaspace       used 12727K, capacity 13180K, committed 13440K, reserved 1060864K
  class space    used 1749K, capacity 1902K, committed 1920K, reserved 1048576K
}
Event: 3.022 GC heap before
{Heap before GC invocations=4 (full 0):
 PSYoungGen      total 38400K, used 38368K [0x00000007a0000000, 0x00000007a4b00000, 0x00000007c0000000)
  eden space 33280K, 100% used [0x00000007a0000000,0x00000007a2080000,0x00000007a2080000)
  from space 5120K, 99% used [0x00000007a2080000,0x00000007a2578068,0x00000007a2580000)
  to   space 5120K, 0% used [0x00000007a4600000,0x00000007a4600000,0x00000007a4b00000)
 ParOldGen       total 87552K, used 1594K [0x0000000760000000, 0x0000000765580000, 0x00000007a0000000)
  object space 87552K, 1% used [0x0000000760000000,0x000000076018e9a8,0x0000000765580000)
 Metaspace       used 15562K, capacity 16054K, committed 16256K, reserved 1062912K
  class space    used 2211K, capacity 2375K, committed 2432K, reserved 1048576K
Event: 3.049 GC heap after
Heap after GC invocations=4 (full 0):
 PSYoungGen      total 71680K, used 5104K [0x00000007a0000000, 0x00000007a4b00000, 0x00000007c0000000)
  eden space 66560K, 0% used [0x00000007a0000000,0x00000007a0000000,0x00000007a4100000)
  from space 5120K, 99% used [0x00000007a4600000,0x00000007a4afc030,0x00000007a4b00000)
  to   space 5120K, 0% used [0x00000007a4100000,0x00000007a4100000,0x00000007a4600000)
 ParOldGen       total 87552K, used 4349K [0x0000000760000000, 0x0000000765580000, 0x00000007a0000000)
  object space 87552K, 4% used [0x0000000760000000,0x000000076043f620,0x0000000765580000)
 Metaspace       used 15562K, capacity 16054K, committed 16256K, reserved 1062912K
  class space    used 2211K, capacity 2375K, committed 2432K, reserved 1048576K
}
Event: 4.542 GC heap before
{Heap before GC invocations=5 (full 0):
 PSYoungGen      total 71680K, used 60517K [0x00000007a0000000, 0x00000007a4b00000, 0x00000007c0000000)
  eden space 66560K, 83% used [0x00000007a0000000,0x00000007a361d448,0x00000007a4100000)
  from space 5120K, 99% used [0x00000007a4600000,0x00000007a4afc030,0x00000007a4b00000)
  to   space 5120K, 0% used [0x00000007a4100000,0x00000007a4100000,0x00000007a4600000)
 ParOldGen       total 87552K, used 4349K [0x0000000760000000, 0x0000000765580000, 0x00000007a0000000)
  object space 87552K, 4% used [0x0000000760000000,0x000000076043f620,0x0000000765580000)
 Metaspace       used 20654K, capacity 21146K, committed 21296K, reserved 1067008K
  class space    used 2995K, capacity 3165K, committed 3200K, reserved 1048576K
Event: 4.563 GC heap after
Heap after GC invocations=5 (full 0):
 PSYoungGen      total 71680K, used 5108K [0x00000007a0000000, 0x00000007a9a00000, 0x00000007c0000000)
  eden space 66560K, 0% used [0x00000007a0000000,0x00000007a0000000,0x00000007a4100000)
  from space 5120K, 99% used [0x00000007a4100000,0x00000007a45fd040,0x00000007a4600000)
  to   space 12288K, 0% used [0x00000007a8e00000,0x00000007a8e00000,0x00000007a9a00000)
 ParOldGen       total 87552K, used 10861K [0x0000000760000000, 0x0000000765580000, 0x00000007a0000000)
  object space 87552K, 12% used [0x0000000760000000,0x0000000760a9b4f8,0x0000000765580000)
 Metaspace       used 20654K, capacity 21146K, committed 21296K, reserved 1067008K
  class space    used 2995K, capacity 3165K, committed 3200K, reserved 1048576K
}
Event: 4.563 GC heap before
{Heap before GC invocations=6 (full 1):
 PSYoungGen      total 71680K, used 5108K [0x00000007a0000000, 0x00000007a9a00000, 0x00000007c0000000)
  eden space 66560K, 0% used [0x00000007a0000000,0x00000007a0000000,0x00000007a4100000)
  from space 5120K, 99% used [0x00000007a4100000,0x00000007a45fd040,0x00000007a4600000)
  to   space 12288K, 0% used [0x00000007a8e00000,0x00000007a8e00000,0x00000007a9a00000)
 ParOldGen       total 87552K, used 10861K [0x0000000760000000, 0x0000000765580000, 0x00000007a0000000)
  object space 87552K, 12% used [0x0000000760000000,0x0000000760a9b4f8,0x0000000765580000)
 Metaspace       used 20654K, capacity 21146K, committed 21296K, reserved 1067008K
  class space    used 2995K, capacity 3165K, committed 3200K, reserved 1048576K
Event: 4.620 GC heap after
Heap after GC invocations=6 (full 1):
 PSYoungGen      total 71680K, used 0K [0x00000007a0000000, 0x00000007a9a00000, 0x00000007c0000000)
  eden space 66560K, 0% used [0x00000007a0000000,0x00000007a0000000,0x00000007a4100000)
  from space 5120K, 0% used [0x00000007a4100000,0x00000007a4100000,0x00000007a4600000)
  to   space 12288K, 0% used [0x00000007a8e00000,0x00000007a8e00000,0x00000007a9a00000)
 ParOldGen       total 66048K, used 11355K [0x0000000760000000, 0x0000000764080000, 0x00000007a0000000)
  object space 66048K, 17% used [0x0000000760000000,0x0000000760b16d38,0x0000000764080000)
 Metaspace       used 20654K, capacity 21146K, committed 21296K, reserved 1067008K
  class space    used 2995K, capacity 3165K, committed 3200K, reserved 1048576K
}
Event: 6.221 GC heap before
{Heap before GC invocations=7 (full 1):
 PSYoungGen      total 71680K, used 66560K [0x00000007a0000000, 0x00000007a9a00000, 0x00000007c0000000)
  eden space 66560K, 100% used [0x00000007a0000000,0x00000007a4100000,0x00000007a4100000)
  from space 5120K, 0% used [0x00000007a4100000,0x00000007a4100000,0x00000007a4600000)
  to   space 12288K, 0% used [0x00000007a8e00000,0x00000007a8e00000,0x00000007a9a00000)
 ParOldGen       total 66048K, used 11355K [0x0000000760000000, 0x0000000764080000, 0x00000007a0000000)
  object space 66048K, 17% used [0x0000000760000000,0x0000000760b16d38,0x0000000764080000)
 Metaspace       used 28916K, capacity 29504K, committed 29824K, reserved 1075200K
  class space    used 3912K, capacity 4107K, committed 4224K, reserved 1048576K

