# JRE version: OpenJDK Runtime Environment (8.0_242) (build 1.8.0_242-release-1644-b3-6222593)
# Java VM: OpenJDK 64-Bit Server VM (25.242-b3-6222593 mixed mode bsd-amd64 compressed oops)
Heap:
 PSYoungGen      total 331264K, used 320000K [0x00000007a0000000, 0x00000007bd680000, 0x00000007c0000000)
  eden space 320000K, 100% used [0x00000007a0000000,0x00000007b3880000,0x00000007b3880000)
  from space 11264K, 0% used [0x00000007b3880000,0x00000007b3880000,0x00000007b4380000)
  to   space 80896K, 7% used [0x00000007b8780000,0x00000007b8d44010,0x00000007bd680000)
 ParOldGen       total 228864K, used 50223K [0x0000000760000000, 0x000000076df80000, 0x00000007a0000000)
  object space 228864K, 21% used [0x0000000760000000,0x000000076310bc38,0x000000076df80000)
 Metaspace       used 119864K, capacity 127037K, committed 130344K, reserved 1163264K
  class space    used 15093K, capacity 16266K, committed 16936K, reserved 1048576K
GC Heap History (10 events):
Event: 24136.358 GC heap after
Heap after GC invocations=81 (full 10):
 PSYoungGen      total 320512K, used 0K [0x00000007a0000000, 0x00000007bec80000, 0x00000007c0000000)
  eden space 320000K, 0% used [0x00000007a0000000,0x00000007a0000000,0x00000007b3880000)
  from space 512K, 0% used [0x00000007b3880000,0x00000007b3880000,0x00000007b3900000)
  to   space 92160K, 0% used [0x00000007b9280000,0x00000007b9280000,0x00000007bec80000)
 ParOldGen       total 228864K, used 43266K [0x0000000760000000, 0x000000076df80000, 0x00000007a0000000)
  object space 228864K, 18% used [0x0000000760000000,0x0000000762a40940,0x000000076df80000)
 Metaspace       used 118078K, capacity 124279K, committed 130344K, reserved 1163264K
  class space    used 14853K, capacity 15885K, committed 16936K, reserved 1048576K
}
Event: 27811.651 GC heap before
{Heap before GC invocations=82 (full 10):
 PSYoungGen      total 320512K, used 301230K [0x00000007a0000000, 0x00000007bec80000, 0x00000007c0000000)
  eden space 320000K, 94% used [0x00000007a0000000,0x00000007b262bba0,0x00000007b3880000)
  from space 512K, 0% used [0x00000007b3880000,0x00000007b3880000,0x00000007b3900000)
  to   space 92160K, 0% used [0x00000007b9280000,0x00000007b9280000,0x00000007bec80000)
 ParOldGen       total 228864K, used 43266K [0x0000000760000000, 0x000000076df80000, 0x00000007a0000000)
  object space 228864K, 18% used [0x0000000760000000,0x0000000762a40940,0x000000076df80000)
 Metaspace       used 118949K, capacity 125815K, committed 130344K, reserved 1163264K
  class space    used 14987K, capacity 16137K, committed 16936K, reserved 1048576K
Event: 27811.743 GC heap after
Heap after GC invocations=82 (full 10):
 PSYoungGen      total 398848K, used 22879K [0x00000007a0000000, 0x00000007bdf80000, 0x00000007c0000000)
  eden space 320000K, 0% used [0x00000007a0000000,0x00000007a0000000,0x00000007b3880000)
  from space 78848K, 29% used [0x00000007b9280000,0x00000007ba8d7df8,0x00000007bdf80000)
  to   space 85504K, 0% used [0x00000007b3880000,0x00000007b3880000,0x00000007b8c00000)
 ParOldGen       total 228864K, used 43274K [0x0000000760000000, 0x000000076df80000, 0x00000007a0000000)
  object space 228864K, 18% used [0x0000000760000000,0x0000000762a42940,0x000000076df80000)
 Metaspace       used 118949K, capacity 125815K, committed 130344K, reserved 1163264K
  class space    used 14987K, capacity 16137K, committed 16936K, reserved 1048576K
}
Event: 27811.743 GC heap before
{Heap before GC invocations=83 (full 11):
 PSYoungGen      total 398848K, used 22879K [0x00000007a0000000, 0x00000007bdf80000, 0x00000007c0000000)
  eden space 320000K, 0% used [0x00000007a0000000,0x00000007a0000000,0x00000007b3880000)
  from space 78848K, 29% used [0x00000007b9280000,0x00000007ba8d7df8,0x00000007bdf80000)
  to   space 85504K, 0% used [0x00000007b3880000,0x00000007b3880000,0x00000007b8c00000)
 ParOldGen       total 228864K, used 43274K [0x0000000760000000, 0x000000076df80000, 0x00000007a0000000)
  object space 228864K, 18% used [0x0000000760000000,0x0000000762a42940,0x000000076df80000)
 Metaspace       used 118949K, capacity 125815K, committed 130344K, reserved 1163264K
  class space    used 14987K, capacity 16137K, committed 16936K, reserved 1048576K
Event: 27812.437 GC heap after
Heap after GC invocations=83 (full 11):
 PSYoungGen      total 398848K, used 0K [0x00000007a0000000, 0x00000007bdf80000, 0x00000007c0000000)
  eden space 320000K, 0% used [0x00000007a0000000,0x00000007a0000000,0x00000007b3880000)
  from space 78848K, 0% used [0x00000007b9280000,0x00000007b9280000,0x00000007bdf80000)
  to   space 85504K, 0% used [0x00000007b3880000,0x00000007b3880000,0x00000007b8c00000)
 ParOldGen       total 228864K, used 56570K [0x0000000760000000, 0x000000076df80000, 0x00000007a0000000)
  object space 228864K, 24% used [0x0000000760000000,0x000000076373ea68,0x000000076df80000)
 Metaspace       used 118531K, capacity 125071K, committed 130344K, reserved 1163264K
  class space    used 14916K, capacity 16005K, committed 16936K, reserved 1048576K
}
Event: 31412.442 GC heap before
{Heap before GC invocations=84 (full 11):
 PSYoungGen      total 398848K, used 291998K [0x00000007a0000000, 0x00000007bdf80000, 0x00000007c0000000)
  eden space 320000K, 91% used [0x00000007a0000000,0x00000007b1d27ae0,0x00000007b3880000)
  from space 78848K, 0% used [0x00000007b9280000,0x00000007b9280000,0x00000007bdf80000)
  to   space 85504K, 0% used [0x00000007b3880000,0x00000007b3880000,0x00000007b8c00000)
 ParOldGen       total 228864K, used 56570K [0x0000000760000000, 0x000000076df80000, 0x00000007a0000000)
  object space 228864K, 24% used [0x0000000760000000,0x000000076373ea68,0x000000076df80000)
 Metaspace       used 119781K, capacity 127075K, committed 130344K, reserved 1163264K
  class space    used 15116K, capacity 16315K, committed 16936K, reserved 1048576K
Event: 31412.713 GC heap after
Heap after GC invocations=84 (full 11):
 PSYoungGen      total 331264K, used 11152K [0x00000007a0000000, 0x00000007bd680000, 0x00000007c0000000)
  eden space 320000K, 0% used [0x00000007a0000000,0x00000007a0000000,0x00000007b3880000)
  from space 11264K, 99% used [0x00000007b3880000,0x00000007b4364098,0x00000007b4380000)
  to   space 80896K, 0% used [0x00000007b8780000,0x00000007b8780000,0x00000007bd680000)
 ParOldGen       total 228864K, used 56578K [0x0000000760000000, 0x000000076df80000, 0x00000007a0000000)
  object space 228864K, 24% used [0x0000000760000000,0x0000000763740a68,0x000000076df80000)
 Metaspace       used 119781K, capacity 127075K, committed 130344K, reserved 1163264K
  class space    used 15116K, capacity 16315K, committed 16936K, reserved 1048576K
}
Event: 31412.713 GC heap before
{Heap before GC invocations=85 (full 12):
 PSYoungGen      total 331264K, used 11152K [0x00000007a0000000, 0x00000007bd680000, 0x00000007c0000000)
  eden space 320000K, 0% used [0x00000007a0000000,0x00000007a0000000,0x00000007b3880000)
  from space 11264K, 99% used [0x00000007b3880000,0x00000007b4364098,0x00000007b4380000)
  to   space 80896K, 0% used [0x00000007b8780000,0x00000007b8780000,0x00000007bd680000)
 ParOldGen       total 228864K, used 56578K [0x0000000760000000, 0x000000076df80000, 0x00000007a0000000)
  object space 228864K, 24% used [0x0000000760000000,0x0000000763740a68,0x000000076df80000)
 Metaspace       used 119781K, capacity 127075K, committed 130344K, reserved 1163264K
  class space    used 15116K, capacity 16315K, committed 16936K, reserved 1048576K
Event: 31413.609 GC heap after
Heap after GC invocations=85 (full 12):
 PSYoungGen      total 331264K, used 0K [0x00000007a0000000, 0x00000007bd680000, 0x00000007c0000000)
  eden space 320000K, 0% used [0x00000007a0000000,0x00000007a0000000,0x00000007b3880000)
  from space 11264K, 0% used [0x00000007b3880000,0x00000007b3880000,0x00000007b4380000)
  to   space 80896K, 0% used [0x00000007b8780000,0x00000007b8780000,0x00000007bd680000)
 ParOldGen       total 228864K, used 50223K [0x0000000760000000, 0x000000076df80000, 0x00000007a0000000)
  object space 228864K, 21% used [0x0000000760000000,0x000000076310bc38,0x000000076df80000)
 Metaspace       used 118618K, capacity 125359K, committed 130344K, reserved 1163264K
  class space    used 14918K, capacity 16001K, committed 16936K, reserved 1048576K
}
Event: 34138.482 GC heap before
{Heap before GC invocations=86 (full 12):
 PSYoungGen      total 331264K, used 320000K [0x00000007a0000000, 0x00000007bd680000, 0x00000007c0000000)
  eden space 320000K, 100% used [0x00000007a0000000,0x00000007b3880000,0x00000007b3880000)
  from space 11264K, 0% used [0x00000007b3880000,0x00000007b3880000,0x00000007b4380000)
  to   space 80896K, 0% used [0x00000007b8780000,0x00000007b8780000,0x00000007bd680000)
 ParOldGen       total 228864K, used 50223K [0x0000000760000000, 0x000000076df80000, 0x00000007a0000000)
  object space 228864K, 21% used [0x0000000760000000,0x000000076310bc38,0x000000076df80000)
 Metaspace       used 119864K, capacity 127037K, committed 130344K, reserved 1163264K
  class space    used 15093K, capacity 16266K, committed 16936K, reserved 1048576K

