# JRE version: OpenJDK Runtime Environment (8.0_242) (build 1.8.0_242-release-1644-b3-6222593)
# Java VM: OpenJDK 64-Bit Server VM (25.242-b3-6222593 mixed mode bsd-amd64 compressed oops)
Heap:
 PSYoungGen      total 538624K, used 19894K [0x0000000795580000, 0x00000007bfc00000, 0x00000007c0000000)
  eden space 479744K, 0% used [0x0000000795580000,0x0000000795580000,0x00000007b2a00000)
  from space 58880K, 33% used [0x00000007b2a00000,0x00000007b3d6da08,0x00000007b6380000)
  to   space 56320K, 0% used [0x00000007bc500000,0x00000007bc500000,0x00000007bfc00000)
 ParOldGen       total 151552K, used 91420K [0x0000000740000000, 0x0000000749400000, 0x0000000795580000)
  object space 151552K, 60% used [0x0000000740000000,0x00000007459471f8,0x0000000749400000)
 Metaspace       used 94493K, capacity 98434K, committed 98560K, reserved 1134592K
  class space    used 12151K, capacity 12932K, committed 13056K, reserved 1048576K
GC Heap History (10 events):
Event: 67.612 GC heap after
Heap after GC invocations=20 (full 3):
 PSYoungGen      total 363520K, used 34292K [0x0000000795580000, 0x00000007b3300000, 0x00000007c0000000)
  eden space 329216K, 0% used [0x0000000795580000,0x0000000795580000,0x00000007a9700000)
  from space 34304K, 99% used [0x00000007a9700000,0x00000007ab87d390,0x00000007ab880000)
  to   space 46080K, 0% used [0x00000007b0600000,0x00000007b0600000,0x00000007b3300000)
 ParOldGen       total 151552K, used 62914K [0x0000000740000000, 0x0000000749400000, 0x0000000795580000)
  object space 151552K, 41% used [0x0000000740000000,0x0000000743d708c8,0x0000000749400000)
 Metaspace       used 85799K, capacity 89350K, committed 89600K, reserved 1126400K
  class space    used 11257K, capacity 11926K, committed 12032K, reserved 1048576K
}
Event: 100.638 GC heap before
{Heap before GC invocations=21 (full 3):
 PSYoungGen      total 363520K, used 363508K [0x0000000795580000, 0x00000007b3300000, 0x00000007c0000000)
  eden space 329216K, 100% used [0x0000000795580000,0x00000007a9700000,0x00000007a9700000)
  from space 34304K, 99% used [0x00000007a9700000,0x00000007ab87d390,0x00000007ab880000)
  to   space 46080K, 0% used [0x00000007b0600000,0x00000007b0600000,0x00000007b3300000)
 ParOldGen       total 151552K, used 62914K [0x0000000740000000, 0x0000000749400000, 0x0000000795580000)
  object space 151552K, 41% used [0x0000000740000000,0x0000000743d708c8,0x0000000749400000)
 Metaspace       used 90090K, capacity 93956K, committed 94080K, reserved 1130496K
  class space    used 11634K, capacity 12361K, committed 12416K, reserved 1048576K
Event: 100.919 GC heap after
Heap after GC invocations=21 (full 3):
 PSYoungGen      total 433152K, used 46065K [0x0000000795580000, 0x00000007b4080000, 0x00000007c0000000)
  eden space 387072K, 0% used [0x0000000795580000,0x0000000795580000,0x00000007acf80000)
  from space 46080K, 99% used [0x00000007b0600000,0x00000007b32fc650,0x00000007b3300000)
  to   space 55808K, 0% used [0x00000007acf80000,0x00000007acf80000,0x00000007b0600000)
 ParOldGen       total 151552K, used 69963K [0x0000000740000000, 0x0000000749400000, 0x0000000795580000)
  object space 151552K, 46% used [0x0000000740000000,0x0000000744452f00,0x0000000749400000)
 Metaspace       used 90090K, capacity 93956K, committed 94080K, reserved 1130496K
  class space    used 11634K, capacity 12361K, committed 12416K, reserved 1048576K
}
Event: 102.224 GC heap before
{Heap before GC invocations=22 (full 3):
 PSYoungGen      total 433152K, used 433137K [0x0000000795580000, 0x00000007b4080000, 0x00000007c0000000)
  eden space 387072K, 100% used [0x0000000795580000,0x00000007acf80000,0x00000007acf80000)
  from space 46080K, 99% used [0x00000007b0600000,0x00000007b32fc650,0x00000007b3300000)
  to   space 55808K, 0% used [0x00000007acf80000,0x00000007acf80000,0x00000007b0600000)
 ParOldGen       total 151552K, used 69966K [0x0000000740000000, 0x0000000749400000, 0x0000000795580000)
  object space 151552K, 46% used [0x0000000740000000,0x0000000744453b80,0x0000000749400000)
 Metaspace       used 90198K, capacity 94032K, committed 94336K, reserved 1130496K
  class space    used 11637K, capacity 12363K, committed 12416K, reserved 1048576K
Event: 102.310 GC heap after
Heap after GC invocations=22 (full 3):
 PSYoungGen      total 442880K, used 48351K [0x0000000795580000, 0x00000007ba100000, 0x00000007c0000000)
  eden space 387072K, 0% used [0x0000000795580000,0x0000000795580000,0x00000007acf80000)
  from space 55808K, 86% used [0x00000007acf80000,0x00000007afeb7ec8,0x00000007b0600000)
  to   space 61952K, 0% used [0x00000007b6480000,0x00000007b6480000,0x00000007ba100000)
 ParOldGen       total 151552K, used 69974K [0x0000000740000000, 0x0000000749400000, 0x0000000795580000)
  object space 151552K, 46% used [0x0000000740000000,0x0000000744455b80,0x0000000749400000)
 Metaspace       used 90198K, capacity 94032K, committed 94336K, reserved 1130496K
  class space    used 11637K, capacity 12363K, committed 12416K, reserved 1048576K
}
Event: 106.335 GC heap before
{Heap before GC invocations=23 (full 3):
 PSYoungGen      total 442880K, used 435423K [0x0000000795580000, 0x00000007ba100000, 0x00000007c0000000)
  eden space 387072K, 100% used [0x0000000795580000,0x00000007acf80000,0x00000007acf80000)
  from space 55808K, 86% used [0x00000007acf80000,0x00000007afeb7ec8,0x00000007b0600000)
  to   space 61952K, 0% used [0x00000007b6480000,0x00000007b6480000,0x00000007ba100000)
 ParOldGen       total 151552K, used 69974K [0x0000000740000000, 0x0000000749400000, 0x0000000795580000)
  object space 151552K, 46% used [0x0000000740000000,0x0000000744455b80,0x0000000749400000)
 Metaspace       used 92307K, capacity 96188K, committed 96384K, reserved 1132544K
  class space    used 11858K, capacity 12625K, committed 12672K, reserved 1048576K
Event: 106.488 GC heap after
Heap after GC invocations=23 (full 3):
 PSYoungGen      total 537600K, used 21155K [0x0000000795580000, 0x00000007b9d00000, 0x00000007c0000000)
  eden space 479744K, 0% used [0x0000000795580000,0x0000000795580000,0x00000007b2a00000)
  from space 57856K, 36% used [0x00000007b6480000,0x00000007b7928da0,0x00000007b9d00000)
  to   space 58880K, 0% used [0x00000007b2a00000,0x00000007b2a00000,0x00000007b6380000)
 ParOldGen       total 151552K, used 84199K [0x0000000740000000, 0x0000000749400000, 0x0000000795580000)
  object space 151552K, 55% used [0x0000000740000000,0x0000000745239e58,0x0000000749400000)
 Metaspace       used 92307K, capacity 96188K, committed 96384K, reserved 1132544K
  class space    used 11858K, capacity 12625K, committed 12672K, reserved 1048576K
}
Event: 112.826 GC heap before
{Heap before GC invocations=24 (full 3):
 PSYoungGen      total 537600K, used 254342K [0x0000000795580000, 0x00000007b9d00000, 0x00000007c0000000)
  eden space 479744K, 48% used [0x0000000795580000,0x00000007a3938d20,0x00000007b2a00000)
  from space 57856K, 36% used [0x00000007b6480000,0x00000007b7928da0,0x00000007b9d00000)
  to   space 58880K, 0% used [0x00000007b2a00000,0x00000007b2a00000,0x00000007b6380000)
 ParOldGen       total 151552K, used 84199K [0x0000000740000000, 0x0000000749400000, 0x0000000795580000)
  object space 151552K, 55% used [0x0000000740000000,0x0000000745239e58,0x0000000749400000)
 Metaspace       used 94493K, capacity 98434K, committed 98560K, reserved 1134592K
  class space    used 12151K, capacity 12932K, committed 13056K, reserved 1048576K
Event: 112.902 GC heap after
Heap after GC invocations=24 (full 3):
 PSYoungGen      total 538624K, used 19894K [0x0000000795580000, 0x00000007bfc00000, 0x00000007c0000000)
  eden space 479744K, 0% used [0x0000000795580000,0x0000000795580000,0x00000007b2a00000)
  from space 58880K, 33% used [0x00000007b2a00000,0x00000007b3d6da08,0x00000007b6380000)
  to   space 56320K, 0% used [0x00000007bc500000,0x00000007bc500000,0x00000007bfc00000)
 ParOldGen       total 151552K, used 91420K [0x0000000740000000, 0x0000000749400000, 0x0000000795580000)
  object space 151552K, 60% used [0x0000000740000000,0x00000007459471f8,0x0000000749400000)
 Metaspace       used 94493K, capacity 98434K, committed 98560K, reserved 1134592K
  class space    used 12151K, capacity 12932K, committed 13056K, reserved 1048576K
}
Event: 112.903 GC heap before
{Heap before GC invocations=25 (full 4):
 PSYoungGen      total 538624K, used 19894K [0x0000000795580000, 0x00000007bfc00000, 0x00000007c0000000)
  eden space 479744K, 0% used [0x0000000795580000,0x0000000795580000,0x00000007b2a00000)
  from space 58880K, 33% used [0x00000007b2a00000,0x00000007b3d6da08,0x00000007b6380000)
  to   space 56320K, 0% used [0x00000007bc500000,0x00000007bc500000,0x00000007bfc00000)
 ParOldGen       total 151552K, used 91420K [0x0000000740000000, 0x0000000749400000, 0x0000000795580000)
  object space 151552K, 60% used [0x0000000740000000,0x00000007459471f8,0x0000000749400000)
 Metaspace       used 94493K, capacity 98434K, committed 98560K, reserved 1134592K
  class space    used 12151K, capacity 12932K, committed 13056K, reserved 1048576K

